2014-11-12 01:27:33 INFO  Executor:23 - In executor's main
2014-11-12 01:27:37 INFO  Executor:35 - User entered search token: is the
2014-11-12 01:27:40 INFO  Executor:44 - User wants to search using datastructure
2014-11-12 01:27:40 DEBUG SearcherByDataStructure:103 - File: french_armed_forces.txt
2014-11-12 01:27:40 DEBUG SearcherByDataStructure:86 - Done with file: french_armed_forces.txt
2014-11-12 01:27:40 DEBUG SearcherByDataStructure:147 - Frequency:0
2014-11-12 01:27:40 DEBUG SearcherByDataStructure:103 - File: hitchhikers.txt
2014-11-12 01:27:40 DEBUG SearcherByDataStructure:86 - Done with file: hitchhikers.txt
2014-11-12 01:27:40 DEBUG SearcherByDataStructure:137 - Reached last word in search
2014-11-12 01:27:40 DEBUG SearcherByDataStructure:138 - Frequency:1
2014-11-12 01:27:40 DEBUG SearcherByDataStructure:103 - File: warp_drive.txt
2014-11-12 01:27:40 DEBUG SearcherByDataStructure:86 - Done with file: warp_drive.txt
2014-11-12 01:27:40 DEBUG SearcherByDataStructure:147 - Frequency:0
2014-11-12 01:27:40 ERROR Executor:58 - Error while searching.
java.lang.NullPointerException
	at main.Executor.main(Executor.java:52)
2014-11-12 09:02:44 INFO  Executor:23 - In executor's main
2014-11-12 09:02:46 INFO  Executor:35 - User entered search token: France
2014-11-12 09:02:47 INFO  Executor:44 - User wants to search using datastructure
2014-11-12 09:02:47 DEBUG SearcherByDataStructure:105 - File: french_armed_forces.txt
2014-11-12 09:02:48 DEBUG SearcherByDataStructure:87 - Done with file: french_armed_forces.txt
2014-11-12 09:02:48 DEBUG SearcherByDataStructure:125 - Single word to search :france
2014-11-12 09:02:48 DEBUG SearcherByDataStructure:127 - Frequency:18
2014-11-12 09:02:48 DEBUG SearcherByDataStructure:105 - File: hitchhikers.txt
2014-11-12 09:02:48 DEBUG SearcherByDataStructure:87 - Done with file: hitchhikers.txt
2014-11-12 09:02:48 DEBUG SearcherByDataStructure:131 - word or phrase not found
2014-11-12 09:02:48 DEBUG SearcherByDataStructure:132 - Frequency:0
2014-11-12 09:02:48 DEBUG SearcherByDataStructure:105 - File: warp_drive.txt
2014-11-12 09:02:48 DEBUG SearcherByDataStructure:87 - Done with file: warp_drive.txt
2014-11-12 09:02:48 DEBUG SearcherByDataStructure:131 - word or phrase not found
2014-11-12 09:02:48 DEBUG SearcherByDataStructure:132 - Frequency:0
2014-11-12 09:02:55 INFO  Executor:23 - In executor's main
2014-11-12 09:03:02 INFO  Executor:35 - User entered search token: are the
2014-11-12 09:03:04 INFO  Executor:44 - User wants to search using datastructure
2014-11-12 09:03:04 DEBUG SearcherByDataStructure:105 - File: french_armed_forces.txt
2014-11-12 09:03:04 DEBUG SearcherByDataStructure:87 - Done with file: french_armed_forces.txt
2014-11-12 09:03:04 DEBUG SearcherByDataStructure:131 - word or phrase not found
2014-11-12 09:03:04 DEBUG SearcherByDataStructure:132 - Frequency:0
2014-11-12 09:03:04 DEBUG SearcherByDataStructure:105 - File: hitchhikers.txt
2014-11-12 09:03:04 DEBUG SearcherByDataStructure:87 - Done with file: hitchhikers.txt
2014-11-12 09:03:04 DEBUG SearcherByDataStructure:136 - Reached last word in search
2014-11-12 09:03:04 DEBUG SearcherByDataStructure:137 - Frequency:1
2014-11-12 09:03:04 DEBUG SearcherByDataStructure:105 - File: warp_drive.txt
2014-11-12 09:03:04 DEBUG SearcherByDataStructure:87 - Done with file: warp_drive.txt
2014-11-12 09:03:04 DEBUG SearcherByDataStructure:131 - word or phrase not found
2014-11-12 09:03:04 DEBUG SearcherByDataStructure:132 - Frequency:0
2014-11-12 09:03:08 INFO  Executor:23 - In executor's main
2014-11-12 09:03:11 INFO  Executor:35 - User entered search token: are the
2014-11-12 09:03:12 INFO  Executor:41 - User wants to search using regex
2014-11-12 09:03:12 DEBUG SearcherByRegex:35 - End of line frequency: 0
2014-11-12 09:03:12 DEBUG SearcherByRegex:35 - End of line frequency: 0
2014-11-12 09:03:12 DEBUG SearcherByRegex:35 - End of line frequency: 0
2014-11-12 09:03:12 DEBUG SearcherByRegex:35 - End of line frequency: 0
2014-11-12 09:03:12 DEBUG SearcherByRegex:35 - End of line frequency: 0
2014-11-12 09:03:12 DEBUG SearcherByRegex:35 - End of line frequency: 0
2014-11-12 09:03:12 DEBUG SearcherByRegex:35 - End of line frequency: 0
2014-11-12 09:03:12 DEBUG SearcherByRegex:35 - End of line frequency: 0
2014-11-12 09:03:12 DEBUG SearcherByRegex:35 - End of line frequency: 0
2014-11-12 09:03:12 DEBUG SearcherByRegex:35 - End of line frequency: 0
2014-11-12 09:03:12 DEBUG SearcherByRegex:35 - End of line frequency: 0
2014-11-12 09:03:12 DEBUG SearcherByRegex:35 - End of line frequency: 0
2014-11-12 09:03:12 DEBUG SearcherByRegex:35 - End of line frequency: 0
2014-11-12 09:03:12 DEBUG SearcherByRegex:35 - End of line frequency: 0
2014-11-12 09:03:12 DEBUG SearcherByRegex:35 - End of line frequency: 1
2014-11-12 09:03:12 DEBUG SearcherByRegex:35 - End of line frequency: 0
2014-11-12 09:03:12 DEBUG SearcherByRegex:35 - End of line frequency: 0
2014-11-12 09:03:12 DEBUG SearcherByRegex:35 - End of line frequency: 0
2014-11-12 09:03:12 DEBUG SearcherByRegex:35 - End of line frequency: 0
2014-11-12 09:03:12 DEBUG SearcherByRegex:35 - End of line frequency: 0
